#
# A fatal error has been detected by the Java Runtime Environment:
#
#  EXCEPTION_ACCESS_VIOLATION (0xc0000005) at pc=0x73ace8bd, pid=4604, tid=1700
#
# JRE version: Java(TM) SE Runtime Environment (8.0_11-b12) (build 1.8.0_11-b12)
# Java VM: Java HotSpot(TM) Client VM (25.11-b03 mixed mode windows-x86 )
# Problematic frame:
# V  [jvm.dll+0xbe8bd]
#
# Failed to write core dump. Minidumps are not enabled by default on client versions of Windows
#
# If you would like to submit a bug report, please visit:
#   http://bugreport.sun.com/bugreport/crash.jsp
#

---------------  T H R E A D  ---------------

Current thread (0x14cbec00):  JavaThread "JDWP Transport Listener: dt_socket" daemon [_thread_in_vm, id=1700, stack(0x155a0000,0x155f0000)]

siginfo: ExceptionCode=0xc0000005, reading address 0x00003b00

Registers:
EAX=0x00003b00, EBX=0x00000000, ECX=0x00003b00, EDX=0x00000000
ESP=0x155ef708, EBP=0x155ef70c, ESI=0x14cbec00, EDI=0x022571d8
EIP=0x73ace8bd, EFLAGS=0x00010206

Top of Stack: (sp=0x155ef708)
0x155ef708:   14cbec00 155ef734 73c20b94 00003b00
0x155ef718:   155ef7ec 155ef76f 14cbec00 00000000
0x155ef728:   00000000 00000000 14cbec00 155ef770
0x155ef738:   73609f7b 022571d8 00003b00 155ef76f
0x155ef748:   00003b00 735f436d 00003b00 155ef76f
0x155ef758:   00000007 00000000 00000000 0000000a
0x155ef768:   00000000 00c891bc 155ef790 735f44e0
0x155ef778:   00000001 155ef7ac 155ef7e8 14d607b8 

Instructions: (pc=0x73ace8bd)
0x73ace89d:   5d c3 52 e8 eb f7 ff ff 5d c3 cc cc cc cc cc cc
0x73ace8ad:   cc cc cc 55 8b ec 8b 45 08 85 c0 75 02 5d c3 56
0x73ace8bd:   8b 30 85 f6 74 17 83 fe 37 74 12 8b 06 8b 50 04
0x73ace8cd:   8b ce ff d2 84 c0 74 05 8b c6 5e 5d c3 33 c0 5e 


Register to memory mapping:

EAX=0x00003b00 is an unknown value
EBX=0x00000000 is an unknown value
ECX=0x00003b00 is an unknown value
EDX=0x00000000 is an unknown value
ESP=0x155ef708 is pointing into the stack for thread: 0x14cbec00
EBP=0x155ef70c is pointing into the stack for thread: 0x14cbec00
ESI=0x14cbec00 is a thread
EDI=0x022571d8 is an unknown value


Stack: [0x155a0000,0x155f0000],  sp=0x155ef708,  free space=317k
Native frames: (J=compiled Java code, j=interpreted, Vv=VM code, C=native code)
V  [jvm.dll+0xbe8bd]
V  [jvm.dll+0x210b94]
C  [jdwp.dll+0x19f7b]
C  [jdwp.dll+0x44e0]
C  [jdwp.dll+0x451e]


---------------  P R O C E S S  ---------------

Java Threads: ( => current thread )
  0x14ce4000 JavaThread "Service Thread" daemon [_thread_blocked, id=4168, stack(0x15730000,0x15780000)]
  0x14ccf800 JavaThread "C1 CompilerThread0" daemon [_thread_blocked, id=4332, stack(0x047b0000,0x04800000)]
  0x14cc4000 JavaThread "JDWP Command Reader" daemon [_thread_in_native, id=4524, stack(0x157b0000,0x15800000)]
  0x14cc2400 JavaThread "JDWP Event Helper Thread" daemon [_thread_blocked, id=4420, stack(0x156a0000,0x156f0000)]
=>0x14cbec00 JavaThread "JDWP Transport Listener: dt_socket" daemon [_thread_in_vm, id=1700, stack(0x155a0000,0x155f0000)]
  0x14cb2000 JavaThread "Attach Listener" daemon [_thread_blocked, id=4796, stack(0x04660000,0x046b0000)]
  0x14cb9800 JavaThread "Signal Dispatcher" daemon [_thread_blocked, id=1804, stack(0x14fb0000,0x15000000)]
  0x14c7e400 JavaThread "Finalizer" daemon [_thread_blocked, id=3600, stack(0x04750000,0x047a0000)]
  0x14c79800 JavaThread "Reference Handler" daemon [_thread_blocked, id=1080, stack(0x14f60000,0x14fb0000)]
  0x0225c400 JavaThread "main" [_thread_blocked, id=2896, stack(0x00c60000,0x00cb0000)]

Other Threads:
  0x14c76400 VMThread [stack: 0x14f10000,0x14f60000] [id=2344]
  0x14ced800 WatcherThread [stack: 0x15880000,0x158d0000] [id=3708]

VM state:not at safepoint (normal execution)

VM Mutex/Monitor currently owned by a thread: None

Heap:
 def new generation   total 4928K, used 907K [0x04800000, 0x04d50000, 0x09d50000)
  eden space 4416K,  20% used [0x04800000, 0x048e2ec0, 0x04c50000)
  from space 512K,   0% used [0x04c50000, 0x04c50000, 0x04cd0000)
  to   space 512K,   0% used [0x04cd0000, 0x04cd0000, 0x04d50000)
 tenured generation   total 10944K, used 0K [0x09d50000, 0x0a800000, 0x14800000)
   the space 10944K,   0% used [0x09d50000, 0x09d50000, 0x09d50200, 0x0a800000)
 Metaspace       used 2288K, capacity 2536K, committed 2624K, reserved 4480K

Card table byte_map: [0x020e0000,0x02170000] byte_map_base: 0x020bc000

Polling page: 0x00100000

CodeCache: size=32768Kb used=690Kb max_used=690Kb free=32077Kb
 bounds [0x02630000, 0x026e0000, 0x04630000]
 total_blobs=156 nmethods=25 adapters=72
 compilation: enabled

Compilation events (10 events):
Event: 0.165 Thread 0x14ccf800   21             java.io.WinNTFileSystem::normalize (143 bytes)
Event: 0.165 Thread 0x14ccf800 nmethod 21 0x026dad08 code [0x026dae60, 0x026db0fc]
Event: 0.166 Thread 0x14ccf800   22             java.util.StringTokenizer::scanToken (179 bytes)
Event: 0.167 Thread 0x14ccf800 nmethod 22 0x026db448 code [0x026db5d0, 0x026db9e8]
Event: 0.167 Thread 0x14ccf800   23             java.io.WinNTFileSystem::isSlash (18 bytes)
Event: 0.167 Thread 0x14ccf800 nmethod 23 0x026dbf88 code [0x026dc080, 0x026dc130]
Event: 0.170 Thread 0x14ccf800   24             java.lang.String::startsWith (72 bytes)
Event: 0.170 Thread 0x14ccf800 nmethod 24 0x026dc188 code [0x026dc290, 0x026dc3d0]
Event: 0.171 Thread 0x14ccf800   25             java.lang.String::length (6 bytes)
Event: 0.171 Thread 0x14ccf800 nmethod 25 0x026dc888 code [0x026dc980, 0x026dca10]

GC Heap History (0 events):
No events

Deoptimization events (0 events):
No events

Internal exceptions (9 events):
Event: 0.022 Thread 0x0225c400 Exception <a 'java/lang/NoSuchMethodError': Method sun.misc.Unsafe.defineClass(Ljava/lang/String;[BII)Ljava/lang/Class; name or signature does not match> (0x0480a918) thrown at [D:\re\puppet\workspace\8-2-build-windows-i586-cygwin\jdk8u11\648\hotspot\src\sfP’ÐlN–?
Event: 0.022 Thread 0x0225c400 Exception <a 'java/lang/NoSuchMethodError': Method sun.misc.Unsafe.prefetchRead(Ljava/lang/Object;J)V name or signature does not match> (0x0480ab98) thrown at [D:\re\puppet\workspace\8-2-build-windows-i586-cygwin\jdk8u11\648\hotspot\src\share\vm\prims\jni.ÐÌl›KÁ?
Event: 0.135 Thread 0x0225c400 Exception <a 'java/security/PrivilegedActionException'> (0x04881f50) thrown at [D:\re\puppet\workspace\8-2-build-windows-i586-cygwin\jdk8u11\648\hotspot\src\share\vm\prims\jvm.cpp, line 1248]
Event: 0.160 Thread 0x0225c400 Exception <a 'java/security/PrivilegedActionException'> (0x048bdf08) thrown at [D:\re\puppet\workspace\8-2-build-windows-i586-cygwin\jdk8u11\648\hotspot\src\share\vm\prims\jvm.cpp, line 1248]
Event: 0.160 Thread 0x0225c400 Exception <a 'java/security/PrivilegedActionException'> (0x048be248) thrown at [D:\re\puppet\workspace\8-2-build-windows-i586-cygwin\jdk8u11\648\hotspot\src\share\vm\prims\jvm.cpp, line 1248]
Event: 0.160 Thread 0x0225c400 Exception <a 'java/security/PrivilegedActionException'> (0x048c1c08) thrown at [D:\re\puppet\workspace\8-2-build-windows-i586-cygwin\jdk8u11\648\hotspot\src\share\vm\prims\jvm.cpp, line 1248]
Event: 0.160 Thread 0x0225c400 Exception <a 'java/security/PrivilegedActionException'> (0x048c1f48) thrown at [D:\re\puppet\workspace\8-2-build-windows-i586-cygwin\jdk8u11\648\hotspot\src\share\vm\prims\jvm.cpp, line 1248]
Event: 0.169 Thread 0x0225c400 Exception <a 'java/security/PrivilegedActionException'> (0x048d5520) thrown at [D:\re\puppet\workspace\8-2-build-windows-i586-cygwin\jdk8u11\648\hotspot\src\share\vm\prims\jvm.cpp, line 1248]
Event: 0.170 Thread 0x0225c400 Exception <a 'java/security/PrivilegedActionException'> (0x048d6588) thrown at [D:\re\puppet\workspace\8-2-build-windows-i586-cygwin\jdk8u11\648\hotspot\src\share\vm\prims\jvm.cpp, line 1248]

Events (10 events):
Event: 63245.391 Executing VM operation: ChangeBreakpoints
Event: 63245.391 Executing VM operation: ChangeBreakpoints done
Event: 63245.393 Executing VM operation: ChangeBreakpoints
Event: 63245.393 Executing VM operation: ChangeBreakpoints done
Event: 63269.729 Executing VM operation: RedefineClasses
Event: 63269.729 Executing VM operation: RedefineClasses done
Event: 63269.735 Executing VM operation: ChangeBreakpoints
Event: 63269.735 Executing VM operation: ChangeBreakpoints done
Event: 63275.923 Executing VM operation: RedefineClasses
Event: 63275.923 Executing VM operation: RedefineClasses done


Dynamic libraries:
0x00cb0000 - 0x00ce0000 	C:\Program Files (x86)\Java\jre8\bin\javaw.exe
0x776b0000 - 0x77830000 	C:\Windows\SysWOW64\ntdll.dll
0x76c10000 - 0x76d20000 	C:\Windows\syswow64\kernel32.dll
0x75550000 - 0x75596000 	C:\Windows\syswow64\KERNELBASE.dll
0x76b20000 - 0x76bc0000 	C:\Windows\syswow64\ADVAPI32.dll
0x76f60000 - 0x7700c000 	C:\Windows\syswow64\msvcrt.dll
0x75270000 - 0x75289000 	C:\Windows\SysWOW64\sechost.dll
0x75290000 - 0x75380000 	C:\Windows\syswow64\RPCRT4.dll
0x75210000 - 0x75270000 	C:\Windows\syswow64\SspiCli.dll
0x75200000 - 0x7520c000 	C:\Windows\syswow64\CRYPTBASE.dll
0x757d0000 - 0x758d0000 	C:\Windows\syswow64\USER32.dll
0x765a0000 - 0x76630000 	C:\Windows\syswow64\GDI32.dll
0x76580000 - 0x7658a000 	C:\Windows\syswow64\LPK.dll
0x76a80000 - 0x76b1d000 	C:\Windows\syswow64\USP10.dll
0x74270000 - 0x7440e000 	C:\Windows\WinSxS\x86_microsoft.windows.common-controls_6595b64144ccf1df_6.0.7601.17514_none_41e6975e2bd6f2b2\COMCTL32.dll
0x76f00000 - 0x76f57000 	C:\Windows\syswow64\SHLWAPI.dll
0x75380000 - 0x753e0000 	C:\Windows\system32\IMM32.DLL
0x755d0000 - 0x7569c000 	C:\Windows\syswow64\MSCTF.dll
0x74e60000 - 0x74f1f000 	C:\Program Files (x86)\Java\jre8\bin\msvcr100.dll
0x73a10000 - 0x73da7000 	C:\Program Files (x86)\Java\jre8\bin\client\jvm.dll
0x74f60000 - 0x74f67000 	C:\Windows\system32\WSOCK32.dll
0x77270000 - 0x772a5000 	C:\Windows\syswow64\WS2_32.dll
0x753f0000 - 0x753f6000 	C:\Windows\syswow64\NSI.dll
0x74f20000 - 0x74f52000 	C:\Windows\system32\WINMM.dll
0x76590000 - 0x76595000 	C:\Windows\syswow64\PSAPI.DLL
0x74f70000 - 0x74f7c000 	C:\Program Files (x86)\Java\jre8\bin\verify.dll
0x74e00000 - 0x74e21000 	C:\Program Files (x86)\Java\jre8\bin\java.dll
0x735f0000 - 0x73619000 	C:\Program Files (x86)\Java\jre8\bin\jdwp.dll
0x73930000 - 0x73937000 	C:\Program Files (x86)\Java\jre8\bin\npt.dll
0x74e40000 - 0x74e53000 	C:\Program Files (x86)\Java\jre8\bin\zip.dll
0x758d0000 - 0x7651a000 	C:\Windows\syswow64\SHELL32.dll
0x76d20000 - 0x76e7c000 	C:\Windows\syswow64\ole32.dll
0x74fd0000 - 0x74fdb000 	C:\Windows\system32\profapi.dll
0x74140000 - 0x74148000 	C:\Program Files (x86)\Java\jre8\bin\dt_socket.dll
0x73740000 - 0x73750000 	C:\Windows\system32\NLAapi.dll
0x73720000 - 0x73730000 	C:\Windows\system32\napinsp.dll
0x73700000 - 0x73712000 	C:\Windows\system32\pnrpnsp.dll
0x736c0000 - 0x736fc000 	C:\Windows\System32\mswsock.dll
0x738e0000 - 0x73924000 	C:\Windows\system32\DNSAPI.dll
0x736b0000 - 0x736b8000 	C:\Windows\System32\winrnr.dll
0x738c0000 - 0x738dc000 	C:\Windows\system32\IPHLPAPI.DLL
0x738b0000 - 0x738b7000 	C:\Windows\system32\WINNSI.DLL
0x73650000 - 0x73688000 	C:\Windows\System32\fwpuclnt.dll
0x73730000 - 0x73736000 	C:\Windows\system32\rasadhlp.dll
0x736a0000 - 0x736a5000 	C:\Windows\System32\wshtcpip.dll
0x73200000 - 0x732eb000 	C:\Windows\system32\dbghelp.dll

VM Arguments:
jvm_args: -agentlib:jdwp=transport=dt_socket,suspend=y,address=localhost:49660 -Dfile.encoding=Cp1252 
java_command: Poly
java_class_path (initial): C:\Users\Admin\workspace\Ass-6-ADTandCDT\bin
Launcher Type: SUN_STANDARD

Environment Variables:
PATH=C:/Program Files (x86)/Java/jre8/bin/client;C:/Program Files (x86)/Java/jre8/bin;C:/Program Files (x86)/Java/jre8/lib/i386;C:\Windows\system32;C:\Windows;C:\Windows\System32\Wbem;C:\Windows\System32\WindowsPowerShell\v1.0\;C:\Program Files (x86)\Intel\OpenCL SDK\2.0\bin\x86;C:\Program Files (x86)\Intel\OpenCL SDK\2.0\bin\x64;C:\Soft install\eclipse-jee-luna-R-win32\eclipse;
USERNAME=Admin
OS=Windows_NT
PROCESSOR_IDENTIFIER=Intel64 Family 6 Model 42 Stepping 7, GenuineIntel



---------------  S Y S T E M  ---------------

OS: Windows 7 , 64 bit Build 7601 Service Pack 1

CPU:total 4 (2 cores per cpu, 2 threads per core) family 6 model 42 stepping 7, cmov, cx8, fxsr, mmx, sse, sse2, sse3, ssse3, sse4.1, sse4.2, popcnt, avx, clmul, ht, tsc, tscinvbit

Memory: 4k page, physical 8084148k(6554632k free), swap 16166452k(13193844k free)

vm_info: Java HotSpot(TM) Client VM (25.11-b03) for windows-x86 JRE (1.8.0_11-b12), built on Jun 16 2014 18:18:58 by "java_re" with MS VC++ 10.0 (VS2010)

time: Tue Jul 30 13:18:54 2019
elapsed time: 63275 seconds

