#
# A fatal error has been detected by the Java Runtime Environment:
#
#  EXCEPTION_ACCESS_VIOLATION (0xc0000005) at pc=0x73ace8bd, pid=2888, tid=1664
#
# JRE version: Java(TM) SE Runtime Environment (8.0_11-b12) (build 1.8.0_11-b12)
# Java VM: Java HotSpot(TM) Client VM (25.11-b03 mixed mode windows-x86 )
# Problematic frame:
# V  [jvm.dll+0xbe8bd]
#
# Failed to write core dump. Minidumps are not enabled by default on client versions of Windows
#
# If you would like to submit a bug report, please visit:
#   http://bugreport.sun.com/bugreport/crash.jsp
#

---------------  T H R E A D  ---------------

Current thread (0x14cbec00):  JavaThread "JDWP Transport Listener: dt_socket" daemon [_thread_in_vm, id=1664, stack(0x15090000,0x150e0000)]

siginfo: ExceptionCode=0xc0000005, reading address 0x3b6e6f00

Registers:
EAX=0x3b6e6f00, EBX=0x00000000, ECX=0x3b6e6f00, EDX=0x00000000
ESP=0x150df268, EBP=0x150df26c, ESI=0x14cbec00, EDI=0x001f71d8
EIP=0x73ace8bd, EFLAGS=0x00010206

Top of Stack: (sp=0x150df268)
0x150df268:   14cbec00 150df294 73c20b94 3b6e6f00
0x150df278:   150df34c 150df2cf 14cbec00 00000000
0x150df288:   00000000 00000000 14cbec00 150df2d0
0x150df298:   735d9f7b 001f71d8 3b6e6f00 150df2cf
0x150df2a8:   3b6e6f00 735c436d 3b6e6f00 150df2cf
0x150df2b8:   00000006 00000000 00000000 0000000a
0x150df2c8:   00000000 00c890a4 150df2f0 735c44e0
0x150df2d8:   00000001 150df30c 150df348 14d11c30 

Instructions: (pc=0x73ace8bd)
0x73ace89d:   5d c3 52 e8 eb f7 ff ff 5d c3 cc cc cc cc cc cc
0x73ace8ad:   cc cc cc 55 8b ec 8b 45 08 85 c0 75 02 5d c3 56
0x73ace8bd:   8b 30 85 f6 74 17 83 fe 37 74 12 8b 06 8b 50 04
0x73ace8cd:   8b ce ff d2 84 c0 74 05 8b c6 5e 5d c3 33 c0 5e 


Register to memory mapping:

EAX=0x3b6e6f00 is an unknown value
EBX=0x00000000 is an unknown value
ECX=0x3b6e6f00 is an unknown value
EDX=0x00000000 is an unknown value
ESP=0x150df268 is pointing into the stack for thread: 0x14cbec00
EBP=0x150df26c is pointing into the stack for thread: 0x14cbec00
ESI=0x14cbec00 is a thread
EDI=0x001f71d8 is an unknown value


Stack: [0x15090000,0x150e0000],  sp=0x150df268,  free space=316k
Native frames: (J=compiled Java code, j=interpreted, Vv=VM code, C=native code)
V  [jvm.dll+0xbe8bd]
V  [jvm.dll+0x210b94]
C  [jdwp.dll+0x19f7b]
C  [jdwp.dll+0x44e0]
C  [jdwp.dll+0x451e]


---------------  P R O C E S S  ---------------

Java Threads: ( => current thread )
  0x14ce3000 JavaThread "Service Thread" daemon [_thread_blocked, id=3852, stack(0x15850000,0x158a0000)]
  0x14ccb800 JavaThread "C1 CompilerThread0" daemon [_thread_blocked, id=4088, stack(0x15790000,0x157e0000)]
  0x14cc5800 JavaThread "JDWP Command Reader" daemon [_thread_in_native, id=2208, stack(0x154f0000,0x15540000)]
  0x14cc4400 JavaThread "JDWP Event Helper Thread" daemon [_thread_blocked, id=2872, stack(0x15430000,0x15480000)]
=>0x14cbec00 JavaThread "JDWP Transport Listener: dt_socket" daemon [_thread_in_vm, id=1664, stack(0x15090000,0x150e0000)]
  0x14cb2000 JavaThread "Attach Listener" daemon [_thread_blocked, id=2960, stack(0x00950000,0x009a0000)]
  0x14cb9800 JavaThread "Signal Dispatcher" daemon [_thread_blocked, id=4020, stack(0x15120000,0x15170000)]
  0x14c7e400 JavaThread "Finalizer" daemon [_thread_blocked, id=3188, stack(0x009e0000,0x00a30000)]
  0x14c79800 JavaThread "Reference Handler" daemon [_thread_blocked, id=1644, stack(0x14ec0000,0x14f10000)]
  0x001fc400 JavaThread "main" [_thread_in_native, id=3448, stack(0x00a50000,0x00aa0000)]

Other Threads:
  0x14c76400 VMThread [stack: 0x14f70000,0x14fc0000] [id=908]
  0x14cf4800 WatcherThread [stack: 0x15970000,0x159c0000] [id=1712]

VM state:not at safepoint (normal execution)

VM Mutex/Monitor currently owned by a thread: None

Heap:
 def new generation   total 4928K, used 1089K [0x04800000, 0x04d50000, 0x09d50000)
  eden space 4416K,  24% used [0x04800000, 0x049105f0, 0x04c50000)
  from space 512K,   0% used [0x04c50000, 0x04c50000, 0x04cd0000)
  to   space 512K,   0% used [0x04cd0000, 0x04cd0000, 0x04d50000)
 tenured generation   total 10944K, used 0K [0x09d50000, 0x0a800000, 0x14800000)
   the space 10944K,   0% used [0x09d50000, 0x09d50000, 0x09d50200, 0x0a800000)
 Metaspace       used 2419K, capacity 2664K, committed 2752K, reserved 4480K

Card table byte_map: [0x00ba0000,0x00c30000] byte_map_base: 0x00b7c000

Polling page: 0x00170000

CodeCache: size=32768Kb used=695Kb max_used=695Kb free=32072Kb
 bounds [0x027b0000, 0x02860000, 0x047b0000]
 total_blobs=165 nmethods=34 adapters=72
 compilation: enabled

Compilation events (10 events):
Event: 31.692 Thread 0x14ccb800   30             java.lang.Character::charCount (12 bytes)
Event: 31.692 Thread 0x14ccb800 nmethod 30 0x0285d2c8 code [0x0285d3c0, 0x0285d440]
Event: 31.692 Thread 0x14ccb800   31             java.util.regex.Pattern::isSupplementary (20 bytes)
Event: 31.692 Thread 0x14ccb800 nmethod 31 0x0285d488 code [0x0285d580, 0x0285d650]
Event: 31.692 Thread 0x14ccb800   32             java.lang.Character::isSurrogate (18 bytes)
Event: 31.692 Thread 0x14ccb800 nmethod 32 0x0285d6c8 code [0x0285d7c0, 0x0285d860]
Event: 31.692 Thread 0x14ccb800   33             java.lang.String::codePointAt (36 bytes)
Event: 31.692 Thread 0x14ccb800 nmethod 33 0x0285d8c8 code [0x0285d9e0, 0x0285daf8]
Event: 31.692 Thread 0x14ccb800   34             java.lang.Character::codePointAtImpl (41 bytes)
Event: 31.693 Thread 0x14ccb800 nmethod 34 0x0285dc08 code [0x0285dd00, 0x0285de30]

GC Heap History (0 events):
No events

Deoptimization events (0 events):
No events

Internal exceptions (10 events):
Event: 0.035 Thread 0x001fc400 Exception <a 'java/lang/NoSuchMethodError': Method sun.misc.Unsafe.defineClass(Ljava/lang/String;[BII)Ljava/lang/Class; name or signature does not match> (0x0480a918) thrown at [D:\re\puppet\workspace\8-2-build-windows-i586-cygwin\jdk8u11\648\hotspot\src\s5Ì>p¢?
Event: 0.035 Thread 0x001fc400 Exception <a 'java/lang/NoSuchMethodError': Method sun.misc.Unsafe.prefetchRead(Ljava/lang/Object;J)V name or signature does not match> (0x0480ab98) thrown at [D:\re\puppet\workspace\8-2-build-windows-i586-cygwin\jdk8u11\648\hotspot\src\share\vm\prims\jni.ðãI}.‡½?
Event: 0.115 Thread 0x001fc400 Exception <a 'java/security/PrivilegedActionException'> (0x04881f50) thrown at [D:\re\puppet\workspace\8-2-build-windows-i586-cygwin\jdk8u11\648\hotspot\src\share\vm\prims\jvm.cpp, line 1248]
Event: 0.135 Thread 0x001fc400 Exception <a 'java/security/PrivilegedActionException'> (0x048bd028) thrown at [D:\re\puppet\workspace\8-2-build-windows-i586-cygwin\jdk8u11\648\hotspot\src\share\vm\prims\jvm.cpp, line 1248]
Event: 0.135 Thread 0x001fc400 Exception <a 'java/security/PrivilegedActionException'> (0x048bd368) thrown at [D:\re\puppet\workspace\8-2-build-windows-i586-cygwin\jdk8u11\648\hotspot\src\share\vm\prims\jvm.cpp, line 1248]
Event: 0.135 Thread 0x001fc400 Exception <a 'java/security/PrivilegedActionException'> (0x048c0d28) thrown at [D:\re\puppet\workspace\8-2-build-windows-i586-cygwin\jdk8u11\648\hotspot\src\share\vm\prims\jvm.cpp, line 1248]
Event: 0.135 Thread 0x001fc400 Exception <a 'java/security/PrivilegedActionException'> (0x048c1068) thrown at [D:\re\puppet\workspace\8-2-build-windows-i586-cygwin\jdk8u11\648\hotspot\src\share\vm\prims\jvm.cpp, line 1248]
Event: 0.144 Thread 0x001fc400 Exception <a 'java/security/PrivilegedActionException'> (0x048d4638) thrown at [D:\re\puppet\workspace\8-2-build-windows-i586-cygwin\jdk8u11\648\hotspot\src\share\vm\prims\jvm.cpp, line 1248]
Event: 0.144 Thread 0x001fc400 Exception <a 'java/security/PrivilegedActionException'> (0x048d56a0) thrown at [D:\re\puppet\workspace\8-2-build-windows-i586-cygwin\jdk8u11\648\hotspot\src\share\vm\prims\jvm.cpp, line 1248]
Event: 6.306 Thread 0x001fc400 Exception <a 'java/security/PrivilegedActionException'> (0x048d84a0) thrown at [D:\re\puppet\workspace\8-2-build-windows-i586-cygwin\jdk8u11\648\hotspot\src\share\vm\prims\jvm.cpp, line 1248]

Events (10 events):
Event: 5857.406 Executing VM operation: RedefineClasses
Event: 5857.406 Executing VM operation: RedefineClasses done
Event: 5870.333 Executing VM operation: RedefineClasses
Event: 5870.333 Executing VM operation: RedefineClasses done
Event: 5879.160 Executing VM operation: RedefineClasses
Event: 5879.161 Executing VM operation: RedefineClasses done
Event: 5936.454 Executing VM operation: RedefineClasses
Event: 5936.454 Executing VM operation: RedefineClasses done
Event: 5948.323 Executing VM operation: RedefineClasses
Event: 5948.324 Executing VM operation: RedefineClasses done


Dynamic libraries:
0x00cb0000 - 0x00ce0000 	C:\Program Files (x86)\Java\jre8\bin\javaw.exe
0x776b0000 - 0x77830000 	C:\Windows\SysWOW64\ntdll.dll
0x76c10000 - 0x76d20000 	C:\Windows\syswow64\kernel32.dll
0x75550000 - 0x75596000 	C:\Windows\syswow64\KERNELBASE.dll
0x76b20000 - 0x76bc0000 	C:\Windows\syswow64\ADVAPI32.dll
0x76f60000 - 0x7700c000 	C:\Windows\syswow64\msvcrt.dll
0x75270000 - 0x75289000 	C:\Windows\SysWOW64\sechost.dll
0x75290000 - 0x75380000 	C:\Windows\syswow64\RPCRT4.dll
0x75210000 - 0x75270000 	C:\Windows\syswow64\SspiCli.dll
0x75200000 - 0x7520c000 	C:\Windows\syswow64\CRYPTBASE.dll
0x757d0000 - 0x758d0000 	C:\Windows\syswow64\USER32.dll
0x765a0000 - 0x76630000 	C:\Windows\syswow64\GDI32.dll
0x76580000 - 0x7658a000 	C:\Windows\syswow64\LPK.dll
0x76a80000 - 0x76b1d000 	C:\Windows\syswow64\USP10.dll
0x74270000 - 0x7440e000 	C:\Windows\WinSxS\x86_microsoft.windows.common-controls_6595b64144ccf1df_6.0.7601.17514_none_41e6975e2bd6f2b2\COMCTL32.dll
0x76f00000 - 0x76f57000 	C:\Windows\syswow64\SHLWAPI.dll
0x75380000 - 0x753e0000 	C:\Windows\system32\IMM32.DLL
0x755d0000 - 0x7569c000 	C:\Windows\syswow64\MSCTF.dll
0x74e60000 - 0x74f1f000 	C:\Program Files (x86)\Java\jre8\bin\msvcr100.dll
0x73a10000 - 0x73da7000 	C:\Program Files (x86)\Java\jre8\bin\client\jvm.dll
0x74f60000 - 0x74f67000 	C:\Windows\system32\WSOCK32.dll
0x77270000 - 0x772a5000 	C:\Windows\syswow64\WS2_32.dll
0x753f0000 - 0x753f6000 	C:\Windows\syswow64\NSI.dll
0x74f20000 - 0x74f52000 	C:\Windows\system32\WINMM.dll
0x76590000 - 0x76595000 	C:\Windows\syswow64\PSAPI.DLL
0x74f70000 - 0x74f7c000 	C:\Program Files (x86)\Java\jre8\bin\verify.dll
0x74e00000 - 0x74e21000 	C:\Program Files (x86)\Java\jre8\bin\java.dll
0x735c0000 - 0x735e9000 	C:\Program Files (x86)\Java\jre8\bin\jdwp.dll
0x74140000 - 0x74147000 	C:\Program Files (x86)\Java\jre8\bin\npt.dll
0x74e40000 - 0x74e53000 	C:\Program Files (x86)\Java\jre8\bin\zip.dll
0x758d0000 - 0x7651a000 	C:\Windows\syswow64\SHELL32.dll
0x76d20000 - 0x76e7c000 	C:\Windows\syswow64\ole32.dll
0x74fd0000 - 0x74fdb000 	C:\Windows\system32\profapi.dll
0x73930000 - 0x73938000 	C:\Program Files (x86)\Java\jre8\bin\dt_socket.dll
0x73740000 - 0x73750000 	C:\Windows\system32\NLAapi.dll
0x73720000 - 0x73730000 	C:\Windows\system32\napinsp.dll
0x73700000 - 0x73712000 	C:\Windows\system32\pnrpnsp.dll
0x736c0000 - 0x736fc000 	C:\Windows\System32\mswsock.dll
0x738e0000 - 0x73924000 	C:\Windows\system32\DNSAPI.dll
0x736b0000 - 0x736b8000 	C:\Windows\System32\winrnr.dll
0x738c0000 - 0x738dc000 	C:\Windows\system32\IPHLPAPI.DLL
0x738b0000 - 0x738b7000 	C:\Windows\system32\WINNSI.DLL
0x73650000 - 0x73688000 	C:\Windows\System32\fwpuclnt.dll
0x73730000 - 0x73736000 	C:\Windows\system32\rasadhlp.dll
0x736a0000 - 0x736a5000 	C:\Windows\System32\wshtcpip.dll
0x73200000 - 0x732eb000 	C:\Windows\system32\dbghelp.dll

VM Arguments:
jvm_args: -agentlib:jdwp=transport=dt_socket,suspend=y,address=localhost:49600 -Dfile.encoding=Cp1252 
java_command: Poly
java_class_path (initial): C:\Users\Admin\workspace\Ass-6-ADTandCDT\bin
Launcher Type: SUN_STANDARD

Environment Variables:
PATH=C:/Program Files (x86)/Java/jre8/bin/client;C:/Program Files (x86)/Java/jre8/bin;C:/Program Files (x86)/Java/jre8/lib/i386;C:\Windows\system32;C:\Windows;C:\Windows\System32\Wbem;C:\Windows\System32\WindowsPowerShell\v1.0\;C:\Program Files (x86)\Intel\OpenCL SDK\2.0\bin\x86;C:\Program Files (x86)\Intel\OpenCL SDK\2.0\bin\x64;C:\Soft install\eclipse-jee-luna-R-win32\eclipse;
USERNAME=Admin
OS=Windows_NT
PROCESSOR_IDENTIFIER=Intel64 Family 6 Model 42 Stepping 7, GenuineIntel



---------------  S Y S T E M  ---------------

OS: Windows 7 , 64 bit Build 7601 Service Pack 1

CPU:total 4 (2 cores per cpu, 2 threads per core) family 6 model 42 stepping 7, cmov, cx8, fxsr, mmx, sse, sse2, sse3, ssse3, sse4.1, sse4.2, popcnt, avx, clmul, ht, tsc, tscinvbit

Memory: 4k page, physical 8084148k(6022080k free), swap 16166452k(12719004k free)

vm_info: Java HotSpot(TM) Client VM (25.11-b03) for windows-x86 JRE (1.8.0_11-b12), built on Jun 16 2014 18:18:58 by "java_re" with MS VC++ 10.0 (VS2010)

time: Mon Jul 29 19:36:06 2019
elapsed time: 5971 seconds

